<?xml version="1.0" encoding="utf-8" standalone="no"?>
<!--This file represents the results of running a test suite-->
<test-results name="D:\Source\kata-potter\src\Kata.Potter.Tests\bin\Debug\Kata.Potter.Tests.dll" total="1" errors="0" failures="0" not-run="0" inconclusive="0" ignored="0" skipped="0" invalid="0" date="2015-10-11" time="22:41:40">
  <environment nunit-version="2.6.4.14350" clr-version="2.0.50727.5485" os-version="Microsoft Windows NT 6.1.7601 Service Pack 1" platform="Win32NT" cwd="D:\Source\kata-potter\tools\NUnit-2.6.4\bin" machine-name="PAUL-PC" user="PAUL" user-domain="PAUL-PC" />
  <culture-info current-culture="en-GB" current-uiculture="en-US" />
  <test-suite type="Assembly" name="D:\Source\kata-potter\src\Kata.Potter.Tests\bin\Debug\Kata.Potter.Tests.dll" executed="True" result="Success" success="True" time="0.026" asserts="0">
    <results>
      <test-suite type="Namespace" name="Kata" executed="True" result="Success" success="True" time="0.018" asserts="0">
        <results>
          <test-suite type="Namespace" name="Potter" executed="True" result="Success" success="True" time="0.018" asserts="0">
            <results>
              <test-suite type="Namespace" name="Tests" executed="True" result="Success" success="True" time="0.018" asserts="0">
                <results>
                  <test-suite type="TestFixture" name="UnitTest1" executed="True" result="Success" success="True" time="0.017" asserts="0">
                    <results>
                      <test-case name="Kata.Potter.Tests.UnitTest1.TestMethod1" executed="True" result="Success" success="True" time="0.010" asserts="0" />
                    </results>
                  </test-suite>
                </results>
              </test-suite>
            </results>
          </test-suite>
        </results>
      </test-suite>
    </results>
  </test-suite>
</test-results>